Arguments: 
  /Users/adalbertoteixeira/.nvm/versions/node/v8.9.1/bin/node /usr/local/Cellar/yarn/1.3.2/libexec/bin/yarn.js

PATH: 
  /Users/adalbertoteixeira/.rbenv/shims:/usr/local/opt/python/libexec/bin:/Users/adalbertoteixeira/.nvm/versions/node/v8.9.1/bin:/usr/local/opt/python/libexec/bin:/Users/adalbertoteixeira/.rbenv/bin:/Users/adalbertoteixeira/bin:/usr/local/bin:/Users/adalbertoteixeira/.rbenv/shims:/usr/local/bin:/usr/bin:/bin:/usr/sbin:/sbin:/Library/TeX/texbin:/usr/local/go/bin:/usr/local/MacGPG2/bin:/Applications/Postgres.app/Contents/Versions/latest/bin:$/Users/adalbertoteixeira/dev/go/bin:/Users/adalbertoteixeira/dev/go/bin:/Users/adalbertoteixeira/dev/ruby/scripts

Yarn version: 
  1.3.2

Node version: 
  8.9.1

Platform: 
  darwin x64

npm manifest: 
  {
    "name": "distopia",
    "version": "1.0.0",
    "devDependencies": {
      "babel-preset-es2015": "^6.3.13",
      "browser-sync": "^2.10.0",
      "foundation-sites": "^6.1.1",
      "gulp": "^3.9.1",
      "gulp-babel": "^6.1.1",
      "gulp-sass": "^2.1.0",
      "gulp-uglify": "^1.5.1",
      "motion-ui": "^1.1.1"
    },
    "babel": {
      "presets": [
        "es2015"
      ]
    }
  }

yarn manifest: 
  No manifest

Lockfile: 
  No lockfile

Trace: 
  Error: ENOTDIR: not a directory, unlink '/Users/adalbertoteixeira/dev/apps/ghost/ghostcdigital/content/themes/cdigital/node_modules/what-input/gulpfile.js/index.js'
